<?xml version="1.0" encoding="UTF-8"?>
<!-- Generated by org.testng.reporters.JUnitXMLReporter -->
<testsuite ignored="0" hostname="MOHAMMAD" failures="0" tests="3" name="Default test" time="10.198" errors="0" timestamp="2025-10-15T23:49:11 EET">
  <testcase classname="MyTestCases.MyTestScripts" name="LoginTest" time="3.148"/>
  <testcase classname="MyTestCases.MyTestScripts" name="AddRandomItemsTest" time="0.384"/>
  <testcase classname="MyTestCases.MyTestScripts" name="CheckOutTest" time="5.125"/>
</testsuite> <!-- Default test -->
