<?xml version="1.0" encoding="UTF-8"?>
<testng-results ignored="0" total="3" passed="3" failed="0" skipped="0">
  <reporter-output>
  </reporter-output>
  <suite started-at="2025-10-15T23:49:01 EET" name="Default suite" finished-at="2025-10-15T23:49:11 EET" duration-ms="10198">
    <groups>
    </groups>
    <test started-at="2025-10-15T23:49:01 EET" name="Default test" finished-at="2025-10-15T23:49:11 EET" duration-ms="10198">
      <class name="MyTestCases.MyTestScripts">
        <test-method is-config="true" signature="setUp()[pri:0, instance:MyTestCases.MyTestScripts@13518f37]" started-at="2025-10-15T23:49:01 EET" name="setUp" finished-at="2025-10-15T23:49:02 EET" duration-ms="1354" status="PASS">
          <reporter-output>
          </reporter-output>
        </test-method> <!-- setUp -->
        <test-method signature="LoginTest()[pri:1, instance:MyTestCases.MyTestScripts@13518f37]" started-at="2025-10-15T23:49:02 EET" name="LoginTest" finished-at="2025-10-15T23:49:06 EET" duration-ms="3148" status="PASS">
          <reporter-output>
          </reporter-output>
        </test-method> <!-- LoginTest -->
        <test-method signature="AddRandomItemsTest()[pri:2, instance:MyTestCases.MyTestScripts@13518f37]" started-at="2025-10-15T23:49:06 EET" name="AddRandomItemsTest" finished-at="2025-10-15T23:49:06 EET" duration-ms="384" status="PASS">
          <reporter-output>
          </reporter-output>
        </test-method> <!-- AddRandomItemsTest -->
        <test-method signature="CheckOutTest()[pri:3, instance:MyTestCases.MyTestScripts@13518f37]" started-at="2025-10-15T23:49:06 EET" name="CheckOutTest" finished-at="2025-10-15T23:49:11 EET" duration-ms="5125" status="PASS">
          <reporter-output>
          </reporter-output>
        </test-method> <!-- CheckOutTest -->
      </class> <!-- MyTestCases.MyTestScripts -->
    </test> <!-- Default test -->
  </suite> <!-- Default suite -->
</testng-results>
